Deploy error @ Mon Aug 27 2018 19:05:28 GMT-0700 (PDT). added/changed 1 file(s): assets/theme.scss.
19:05:28 [development]Asset Perform Update to assets/theme.scss at host aitex.myshopify.com
	Status: 422 Unprocessable Entity
	Errors: Cannot overwrite generated asset 'assets/theme.scss'.
 
Deploy complete @ Tue Aug 28 2018 16:35:55 GMT-0700 (PDT). added/changed 1 file(s): sections/slideshow.liquid.
Deploy error @ Tue Aug 28 2018 16:39:20 GMT-0700 (PDT). added/changed 1 file(s): assets/theme.scss.
16:39:20 [development]Asset Perform Update to assets/theme.scss at host aitex.myshopify.com
	Status: 422 Unprocessable Entity
	Errors: Cannot overwrite generated asset 'assets/theme.scss'.
 
Deploy error @ Tue Aug 28 2018 16:41:19 GMT-0700 (PDT). added/changed 1 file(s): assets/theme.scss.
16:41:19 [development]Asset Perform Update to assets/theme.scss at host aitex.myshopify.com
	Status: 422 Unprocessable Entity
	Errors: Cannot overwrite generated asset 'assets/theme.scss'.
 
Deploy complete @ Tue Aug 28 2018 16:47:12 GMT-0700 (PDT). added/changed 1 file(s): assets/theme.scss.liquid.
Deploy complete @ Tue Aug 28 2018 16:49:31 GMT-0700 (PDT). added/changed 1 file(s): assets/theme.scss.liquid.
Deploy complete @ Tue Aug 28 2018 16:50:57 GMT-0700 (PDT). added/changed 1 file(s): assets/theme.scss.liquid.
Deploy complete @ Tue Aug 28 2018 16:51:08 GMT-0700 (PDT). added/changed 1 file(s): assets/theme.scss.liquid.
Deploy complete @ Tue Aug 28 2018 17:36:11 GMT-0700 (PDT). added/changed 1 file(s): sections/featured-product.liquid.
Deploy complete @ Tue Aug 28 2018 17:46:19 GMT-0700 (PDT). added/changed 1 file(s): sections/featured-product.liquid.
Deploy complete @ Tue Aug 28 2018 17:46:45 GMT-0700 (PDT). added/changed 1 file(s): assets/theme.scss.liquid.
Deploy complete @ Tue Aug 28 2018 17:47:00 GMT-0700 (PDT). added/changed 1 file(s): assets/theme.scss.liquid.
Deploy complete @ Tue Aug 28 2018 17:48:39 GMT-0700 (PDT). added/changed 1 file(s): assets/theme.scss.liquid.
Deploy complete @ Tue Aug 28 2018 17:51:14 GMT-0700 (PDT). added/changed 1 file(s): assets/theme.scss.liquid.
Deploy complete @ Tue Aug 28 2018 17:54:51 GMT-0700 (PDT). added/changed 1 file(s): assets/theme.scss.liquid.
Deploy complete @ Tue Aug 28 2018 18:03:57 GMT-0700 (PDT). added/changed 1 file(s): sections/featured-product.liquid.
Deploy complete @ Tue Aug 28 2018 18:15:32 GMT-0700 (PDT). added/changed 1 file(s): assets/theme.scss.liquid.
Deploy complete @ Tue Aug 28 2018 18:23:16 GMT-0700 (PDT). added/changed 1 file(s): assets/theme.scss.liquid.
Deploy complete @ Tue Aug 28 2018 18:25:05 GMT-0700 (PDT). added/changed 1 file(s): assets/theme.scss.liquid.
Deploy complete @ Tue Aug 28 2018 18:25:11 GMT-0700 (PDT). added/changed 1 file(s): assets/theme.scss.liquid.
Deploy complete @ Tue Aug 28 2018 18:30:24 GMT-0700 (PDT). added/changed 1 file(s): assets/theme.scss.liquid.
Deploy complete @ Tue Aug 28 2018 18:31:16 GMT-0700 (PDT). added/changed 1 file(s): assets/theme.scss.liquid.
Deploy complete @ Tue Aug 28 2018 18:33:03 GMT-0700 (PDT). added/changed 1 file(s): assets/theme.scss.liquid.
Deploy complete @ Tue Aug 28 2018 18:37:08 GMT-0700 (PDT). added/changed 1 file(s): templates/info-page.liquid.
Deploy complete @ Tue Aug 28 2018 18:37:42 GMT-0700 (PDT). removed 1 file(s): templates/info-page.liquid.
Deploy complete @ Tue Aug 28 2018 18:37:54 GMT-0700 (PDT). added/changed 1 file(s): templates/page.poisonivy.liquid.
Deploy complete @ Tue Aug 28 2018 18:39:02 GMT-0700 (PDT). added/changed 1 file(s): templates/page.poisonivy.liquid.
Deploy complete @ Tue Aug 28 2018 18:39:33 GMT-0700 (PDT). added/changed 1 file(s): templates/page.poisonivy.liquid.
Deploy complete @ Tue Aug 28 2018 18:44:29 GMT-0700 (PDT). removed 1 file(s): templates/page.poisonivy.liquid.
Deploy complete @ Tue Aug 28 2018 20:04:43 GMT-0700 (PDT). added/changed 1 file(s): assets/theme.scss.liquid.
Deploy complete @ Tue Aug 28 2018 20:05:40 GMT-0700 (PDT). added/changed 1 file(s): assets/theme.scss.liquid.
Deploy complete @ Tue Aug 28 2018 20:06:16 GMT-0700 (PDT). added/changed 1 file(s): assets/theme.scss.liquid.
Deploy complete @ Tue Aug 28 2018 20:06:19 GMT-0700 (PDT). added/changed 1 file(s): assets/theme.scss.liquid.
Deploy complete @ Tue Aug 28 2018 20:07:59 GMT-0700 (PDT). added/changed 1 file(s): assets/theme.scss.liquid.
Deploy complete @ Tue Aug 28 2018 20:12:14 GMT-0700 (PDT). added/changed 1 file(s): sections/header.liquid.
Deploy complete @ Tue Aug 28 2018 20:15:03 GMT-0700 (PDT). added/changed 1 file(s): assets/theme.scss.liquid.
Deploy complete @ Tue Aug 28 2018 20:18:15 GMT-0700 (PDT). added/changed 1 file(s): sections/featured-product.liquid.
Deploy complete @ Tue Aug 28 2018 20:18:59 GMT-0700 (PDT). added/changed 1 file(s): sections/featured-product.liquid.
Deploy complete @ Tue Aug 28 2018 20:21:16 GMT-0700 (PDT). added/changed 1 file(s): assets/theme.scss.liquid.
Deploy complete @ Tue Aug 28 2018 20:21:19 GMT-0700 (PDT). added/changed 2 file(s): assets/theme.scss.liquid, assets/theme.scss.liquid.
Deploy complete @ Tue Aug 28 2018 20:42:46 GMT-0700 (PDT). added/changed 1 file(s): sections/custom-content.liquid.
Deploy complete @ Tue Aug 28 2018 20:46:43 GMT-0700 (PDT). added/changed 1 file(s): sections/custom-content.liquid.
Deploy complete @ Tue Aug 28 2018 20:48:20 GMT-0700 (PDT). added/changed 1 file(s): sections/custom-content.liquid.
Deploy complete @ Tue Aug 28 2018 20:48:35 GMT-0700 (PDT). added/changed 1 file(s): sections/custom-content.liquid.
Deploy complete @ Tue Aug 28 2018 20:49:11 GMT-0700 (PDT). added/changed 1 file(s): assets/theme.scss.liquid.
Deploy complete @ Tue Aug 28 2018 20:49:40 GMT-0700 (PDT). added/changed 1 file(s): sections/custom-content.liquid.
Deploy complete @ Tue Aug 28 2018 20:50:59 GMT-0700 (PDT). added/changed 1 file(s): sections/custom-content.liquid.
Deploy complete @ Tue Aug 28 2018 20:51:04 GMT-0700 (PDT). added/changed 1 file(s): assets/theme.scss.liquid.
Deploy complete @ Tue Aug 28 2018 21:00:06 GMT-0700 (PDT). added/changed 1 file(s): assets/theme.scss.liquid.
Deploy complete @ Tue Aug 28 2018 21:00:52 GMT-0700 (PDT). added/changed 1 file(s): assets/theme.scss.liquid.
Deploy complete @ Tue Aug 28 2018 21:02:35 GMT-0700 (PDT). added/changed 1 file(s): assets/theme.scss.liquid.
Deploy complete @ Tue Aug 28 2018 21:04:24 GMT-0700 (PDT). added/changed 1 file(s): assets/theme.scss.liquid.
Deploy complete @ Tue Aug 28 2018 21:05:20 GMT-0700 (PDT). added/changed 1 file(s): assets/theme.scss.liquid.
Deploy complete @ Tue Aug 28 2018 21:10:39 GMT-0700 (PDT). added/changed 1 file(s): assets/theme.scss.liquid.
Deploy complete @ Tue Aug 28 2018 21:13:56 GMT-0700 (PDT). added/changed 1 file(s): assets/theme.scss.liquid.
Deploy complete @ Tue Aug 28 2018 21:14:16 GMT-0700 (PDT). added/changed 1 file(s): assets/theme.scss.liquid.
Deploy complete @ Tue Aug 28 2018 21:20:53 GMT-0700 (PDT). added/changed 1 file(s): assets/theme.scss.liquid.
Deploy complete @ Tue Aug 28 2018 21:22:43 GMT-0700 (PDT). added/changed 1 file(s): sections/slideshow.liquid.
Deploy complete @ Tue Aug 28 2018 21:24:04 GMT-0700 (PDT). added/changed 1 file(s): assets/theme.scss.liquid.
Deploy complete @ Tue Aug 28 2018 21:25:16 GMT-0700 (PDT). added/changed 1 file(s): assets/theme.scss.liquid.
Deploy complete @ Wed Aug 29 2018 13:09:40 GMT-0700 (PDT). added/changed 1 file(s): assets/theme.scss.liquid.
Deploy complete @ Wed Aug 29 2018 13:43:25 GMT-0700 (PDT). added/changed 1 file(s): sections/slideshow.liquid.
Deploy complete @ Wed Aug 29 2018 13:44:38 GMT-0700 (PDT). added/changed 1 file(s): sections/slideshow.liquid.
Deploy complete @ Wed Aug 29 2018 13:46:54 GMT-0700 (PDT). added/changed 1 file(s): sections/slideshow.liquid.
Deploy complete @ Wed Aug 29 2018 13:48:59 GMT-0700 (PDT). added/changed 1 file(s): sections/slideshow.liquid.
